生成启动时间为 2014-9-15 10:05:07。
     1>项目“E:\code\SFFT_SOURCE\visual_project\src\SFFT_OFDM_2D.vcxproj”在节点 2 上(build 个目标)。
     1>InitializeBuildStatus:
         正在创建“Debug\SFFT_OFDM_2D.unsuccessfulbuild”，因为已指定“AlwaysCreate”。
       ClCompile:
         E:\Microsoft Visual Studio 10.0\VC\bin\CL.exe /c /Zi /nologo /W3 /WX- /Od /Oy- /D WIN32 /D _DEBUG /D _CONSOLE /Gm /EHsc /RTC1 /MDd /GS /fp:precise /Zc:wchar_t /Zc:forScope /Fo"Debug\\" /Fd"Debug\vc100.pdb" /Gd /TP /analyze- /errorReport:prompt ExactSfftByOfdm_2d.cpp main.cpp Row2D.cpp TestOneSparse.cpp
         TestOneSparse.cpp
     1>TestOneSparse.cpp(22): error C2146: 语法错误: 缺少“;”(在标识符“fftw_complex”的前面)
     1>TestOneSparse.cpp(22): error C2065: “out”: 未声明的标识符
     1>TestOneSparse.cpp(22): error C2275: “fftw_complex”: 将此类型用作表达式非法
                 E:\code\SFFT_SOURCE\tool\fftw-3.3.4-dll32\fftw3.h(357) : 参见“fftw_complex”的声明
     1>TestOneSparse.cpp(23): error C2065: “out”: 未声明的标识符
     1>TestOneSparse.cpp(28): error C2065: “out”: 未声明的标识符
     1>TestOneSparse.cpp(28): error C2065: “out”: 未声明的标识符
     1>TestOneSparse.cpp(32): error C2065: “out”: 未声明的标识符
         Row2D.cpp
     1>Row2D.cpp(8): error C2143: 语法错误 : 缺少“;”(在“using”的前面)
         main.cpp
         ExactSfftByOfdm_2d.cpp
     1>e:\code\sfft_source\visual_project\src\ExactSfftByOfdm_2d.h(24): error C2061: 语法错误: 标识符“Raw2D”
     1>ExactSfftByOfdm_2d.cpp(7): error C2065: “Raw2D”: 未声明的标识符
     1>ExactSfftByOfdm_2d.cpp(7): error C2065: “raw2”: 未声明的标识符
     1>ExactSfftByOfdm_2d.cpp(8): error C2448: “ExactSfftByOfdm_2d::{ctor}”: 函数样式初始值设定项类似函数定义
     1>ExactSfftByOfdm_2d.cpp(19): error C2228: “.src”的左边必须有类/结构/联合
                 类型是“ExactSfftByOfdm_2d *const ”
                 是否改用“->”?
     1>ExactSfftByOfdm_2d.cpp(20): error C2228: “.sparsefouries”的左边必须有类/结构/联合
                 类型是“ExactSfftByOfdm_2d *const ”
                 是否改用“->”?
     1>ExactSfftByOfdm_2d.cpp(21): error C2143: 语法错误 : 缺少“;”(在“}”的前面)
     1>ExactSfftByOfdm_2d.cpp(27): error C4430: 缺少类型说明符 - 假定为 int。注意: C++ 不支持默认 int
     1>ExactSfftByOfdm_2d.cpp(27): error C2556: “int ExactSfftByOfdm_2d::setSparse(int)”: 重载函数与“void ExactSfftByOfdm_2d::setSparse(int)”只是在返回类型上不同
                 e:\code\sfft_source\visual_project\src\ExactSfftByOfdm_2d.h(27) : 参见“ExactSfftByOfdm_2d::setSparse”的声明
     1>ExactSfftByOfdm_2d.cpp(27): error C2371: “ExactSfftByOfdm_2d::setSparse”: 重定义；不同的基类型
                 e:\code\sfft_source\visual_project\src\ExactSfftByOfdm_2d.h(27) : 参见“ExactSfftByOfdm_2d::setSparse”的声明
     1>ExactSfftByOfdm_2d.cpp(28): error C2228: “.sparseK”的左边必须有类/结构/联合
                 类型是“ExactSfftByOfdm_2d *const ”
                 是否改用“->”?
     1>ExactSfftByOfdm_2d.cpp(35): error C4430: 缺少类型说明符 - 假定为 int。注意: C++ 不支持默认 int
     1>ExactSfftByOfdm_2d.cpp(35): error C2556: “int ExactSfftByOfdm_2d::setSampleDims(int)”: 重载函数与“void ExactSfftByOfdm_2d::setSampleDims(int)”只是在返回类型上不同
                 e:\code\sfft_source\visual_project\src\ExactSfftByOfdm_2d.h(28) : 参见“ExactSfftByOfdm_2d::setSampleDims”的声明
     1>ExactSfftByOfdm_2d.cpp(35): error C2371: “ExactSfftByOfdm_2d::setSampleDims”: 重定义；不同的基类型
                 e:\code\sfft_source\visual_project\src\ExactSfftByOfdm_2d.h(28) : 参见“ExactSfftByOfdm_2d::setSampleDims”的声明
     1>ExactSfftByOfdm_2d.cpp(36): error C2228: “.sampleDims”的左边必须有类/结构/联合
                 类型是“ExactSfftByOfdm_2d *const ”
                 是否改用“->”?
     1>ExactSfftByOfdm_2d.cpp(54): error C2228: “.length”的左边必须有类/结构/联合
                 类型是“ExactSfftByOfdm_2d *const ”
                 是否改用“->”?
     1>ExactSfftByOfdm_2d.cpp(54): error C2228: “.length”的左边必须有类/结构/联合
                 类型是“ExactSfftByOfdm_2d *const ”
                 是否改用“->”?
     1>ExactSfftByOfdm_2d.cpp(54): error C2228: “.width”的左边必须有类/结构/联合
                 类型是“ExactSfftByOfdm_2d *const ”
                 是否改用“->”?
     1>ExactSfftByOfdm_2d.cpp(58): error C2440: “初始化”: 无法从“void *”转换为“fftw_complex (*)”
                 从“void*”到指向非“void”的指针的转换要求显式类型转换
     1>ExactSfftByOfdm_2d.cpp(59): error C2040: “p”:“fftw_plan”与“long”的间接寻址级别不同
     1>ExactSfftByOfdm_2d.cpp(86): warning C4244: “初始化”: 从“double”转换到“long”，可能丢失数据
     1>ExactSfftByOfdm_2d.cpp(97): error C2511: “void ExactSfftByOfdm_2d::BasicExact2DSfft(double *,int)”:“ExactSfftByOfdm_2d”中没有找到重载的成员函数
                 e:\code\sfft_source\visual_project\src\ExactSfftByOfdm_2d.h(15) : 参见“ExactSfftByOfdm_2d”的声明
         正在生成代码...
     1>已完成生成项目“E:\code\SFFT_SOURCE\visual_project\src\SFFT_OFDM_2D.vcxproj”(build 个目标)的操作 - 失败。

生成失败。

已用时间 00:00:03.14
